2025-02-24 16:33:23,932 - ERROR - Streaming error: Expecting value: line 1 column 1 (char 0)
2025-02-24 16:33:23,932 - ERROR - Task exception was never retrieved
future: <Task finished name='Task-9' coro=<process_responses() done, defined at D:\CloneRealTime\main_v2.py:276> exception=NameError("name 'request_tracker' is not defined")>
Traceback (most recent call last):
  File "D:\CloneRealTime\main_v2.py", line 280, in process_responses
    request_id, response = await request_tracker.get_next_response()
                                 ^^^^^^^^^^^^^^^
NameError: name 'request_tracker' is not defined
2025-02-24 16:35:15,261 - ERROR - Task exception was never retrieved
future: <Task finished name='Task-9' coro=<process_responses() done, defined at D:\CloneRealTime\main_v2.py:441> exception=NameError("name 'request_tracker' is not defined")>
Traceback (most recent call last):
  File "D:\CloneRealTime\main_v2.py", line 445, in process_responses
    request_id, response = await request_tracker.get_next_response()
                                 ^^^^^^^^^^^^^^^
NameError: name 'request_tracker' is not defined
2025-02-24 16:36:15,786 - INFO - Selected worker: worker_2
2025-02-24 16:36:16,721 - INFO - Processing response 2: Can you hear us talking?
2025-02-24 16:36:22,770 - INFO - Selected worker: worker_1
2025-02-24 16:36:23,724 - INFO - Processing response 4: Do you hear what I'm saying?
2025-02-24 16:36:30,772 - INFO - Selected worker: worker_2
2025-02-24 16:36:31,723 - INFO - Processing response 7: I'm going to Ho Chi Minh City.
2025-02-24 16:36:35,779 - INFO - Selected worker: worker_1
2025-02-24 16:36:37,721 - INFO - Processing response 9: Where are you?
2025-02-24 16:36:44,770 - INFO - Selected worker: worker_2
2025-02-24 16:36:45,722 - INFO - Processing response 11: Is life going well?
2025-02-24 16:36:50,782 - INFO - Selected worker: worker_1
2025-02-24 16:36:51,725 - INFO - Processing response 13: The living conditions are difficult.
2025-02-24 16:38:44,105 - INFO - Selected worker: worker_2
2025-02-24 16:38:45,069 - INFO - Processing response 2: I live in Ho Chi Minh City.
2025-02-24 16:38:49,067 - INFO - Processing response 4: ''
2025-02-24 16:38:50,122 - INFO - Selected worker: worker_1
2025-02-24 16:38:51,067 - INFO - Processing response 6: Drink milk.
2025-02-24 16:38:56,113 - INFO - Selected worker: worker_2
2025-02-24 16:39:06,125 - INFO - Selected worker: worker_1
2025-02-24 16:39:07,068 - INFO - Processing response 10: He will be our tour guide.
2025-02-24 16:39:12,074 - INFO - Processing response 8: My name is Duong Quang Sy.
2025-02-24 16:39:14,126 - INFO - Selected worker: worker_2
2025-02-24 16:39:15,068 - INFO - Processing response 12: He will be our tour guide.
2025-02-24 16:39:29,131 - INFO - Selected worker: worker_1
2025-02-24 16:39:30,099 - INFO - Processing response 14: AI generation technology is a modern technology.
2025-02-24 16:39:49,288 - INFO - Selected worker: worker_2
2025-02-24 16:39:50,228 - INFO - Processing response 2: Hello, we are living in the 21st century.
2025-02-24 16:40:10,289 - INFO - Selected worker: worker_1
2025-02-24 16:40:11,227 - INFO - Processing response 5: Suitable for printing on the crust of bread.
2025-02-24 16:40:18,291 - INFO - Selected worker: worker_2
2025-02-24 16:40:19,232 - INFO - Processing response 7: This is an illustration of a wheat field in a sketch style.
2025-02-24 16:40:21,294 - INFO - Selected worker: worker_1
2025-02-24 16:40:22,227 - INFO - Processing response 9: the crust of bread.
2025-02-24 16:40:23,287 - INFO - Selected worker: worker_2
2025-02-24 16:40:24,226 - INFO - Processing response 11: Suitable for printing purposes.
2025-02-24 16:40:42,283 - INFO - Selected worker: worker_1
2025-02-24 16:40:43,226 - INFO - Processing response 15: open a new bakery specializing in selling crispy bread.
2025-02-24 16:40:52,290 - INFO - Selected worker: worker_2
2025-02-24 16:40:53,227 - INFO - Processing response 17: The hotel is at number 01.
2025-02-24 16:40:55,285 - INFO - Selected worker: worker_1
2025-02-24 16:40:56,229 - INFO - Processing response 19: crispy bread.
2025-02-24 16:40:57,267 - INFO - Selected worker: worker_2
2025-02-24 16:40:58,229 - INFO - Processing response 21: New image.
2025-02-24 16:41:09,264 - INFO - Selected worker: worker_1
2025-02-24 16:41:10,229 - INFO - Processing response 25: "for your bakery's bread bags"
2025-02-24 16:41:17,275 - INFO - Selected worker: worker_2
2025-02-24 16:41:18,227 - INFO - Processing response 27: An illustration of wheat bunches.
2025-02-24 16:41:23,288 - INFO - Selected worker: worker_1
2025-02-24 16:41:24,233 - INFO - Processing response 29: I'm opening a bread shop.
2025-02-24 16:41:25,283 - INFO - Selected worker: worker_2
2025-02-24 16:41:26,232 - INFO - Processing response 31: Watercolor drawing.
2025-02-24 16:41:27,232 - INFO - Processing response 33: '' Wheat fields.
2025-02-24 16:41:27,296 - INFO - Selected worker: worker_1
2025-02-24 16:41:28,231 - INFO - Processing response 35: specializing in selling banh mi.
2025-02-24 16:51:34,678 - INFO - Selected worker: worker_2
2025-02-24 16:51:35,618 - INFO - Processing response 2: I'm opening a new bakery specializing in selling French bread.
2025-02-24 16:51:39,680 - INFO - Selected worker: worker_1
2025-02-24 16:51:40,619 - INFO - Processing response 4: Bring the bags of flour to our bread storage area.
2025-02-24 16:51:41,681 - INFO - Selected worker: worker_2
2025-02-24 16:51:42,616 - INFO - Processing response 6: Let me take your picture.
2025-02-24 16:52:18,091 - INFO - Selected worker: worker_2
2025-02-24 16:52:19,036 - INFO - Processing response 2: I'm opening a new bakery specializing in selling
2025-02-24 16:52:22,101 - INFO - Selected worker: worker_1
2025-02-24 16:52:23,038 - INFO - Processing response 4: Bring wheat flour to the bakery's warehouse.
2025-02-24 16:52:29,101 - INFO - Selected worker: worker_2
2025-02-24 16:52:30,037 - INFO - Processing response 8: I will manage it myself.
2025-02-24 16:52:40,090 - INFO - Selected worker: worker_1
2025-02-24 16:52:42,039 - INFO - Processing response 11: I'm opening a new bakery specializing in sourdough bread. Please bring the wheat flour packages to our bakery's warehouse.
2025-02-24 16:52:42,105 - INFO - Selected worker: worker_2
2025-02-24 16:52:43,035 - INFO - Processing response 13: ''
2025-02-24 16:52:56,099 - INFO - Selected worker: worker_1
2025-02-24 16:52:57,037 - INFO - Processing response 16: Add illustrations of wheat flour in vintage style on our bakery's packaging.
2025-02-24 16:53:00,097 - INFO - Selected worker: worker_2
2025-02-24 16:53:01,037 - INFO - Processing response 18: I need to find a good location.
2025-02-24 16:53:01,038 - INFO - Processing response 20: ''
2025-02-24 16:53:05,089 - INFO - Selected worker: worker_1
2025-02-24 16:53:06,038 - INFO - Processing response 23: The bakery's packaging is made of recycled paper.
2025-02-24 16:53:15,099 - INFO - Selected worker: worker_2
2025-02-24 16:53:17,037 - INFO - Processing response 25: If you want me to adjust any details, please let me know.
